┌──────────────────────────────────────────────────────────────────────────────────────────────────────────────────────────────────────────────────────────────────────────────────────────────────────────────────────────────────────────────────────────────────────────┐
│ Endpoint            BSC_V2_MAINNET                                                                                                                                                                                                                                       │
│ OmniAddress         0x5845684b49aEf79A5c0F887f50401C247dca7AC6                                                                                                                                                                                                           │
│ OmniContract        -                                                                                                                                                                                                                                                    │
│ Function Name       -                                                                                                                                                                                                                                                    │
│ Function Arguments  -                                                                                                                                                                                                                                                    │
│ Description         Setting peer for eid 30101 (ETHEREUM_V2_MAINNET) to address 0x0000000000000000000000005845684b49aef79a5c0f887f50401c247dca7ac6                                                                                                                       │
│ Data                0x3400288b00000000000000000000000000000000000000000000000000000000000075950000000000000000000000005845684b49aef79a5c0f887f50401c247dca7ac6                                                                                                           │
│ Value               -                                                                                                                                                                                                                                                    │
│ Gas Limit           -                                                                                                                                                                                                                                                    │
└──────────────────────────────────────────────────────────────────────────────────────────────────────────────────────────────────────────────────────────────────────────────────────────────────────────────────────────────────────────────────────────────────────────┘
┌──────────────────────────────────────────────────────────────────────────────────────────────────────────────────────────────────────────────────────────────────────────────────────────────────────────────────────────────────────────────────────────────────────────┐
│ Endpoint            ETHEREUM_V2_MAINNET                                                                                                                                                                                                                                  │
│ OmniAddress         0x5845684b49aEf79A5c0F887f50401C247dca7AC6                                                                                                                                                                                                           │
│ OmniContract        -                                                                                                                                                                                                                                                    │
│ Function Name       -                                                                                                                                                                                                                                                    │
│ Function Arguments  -                                                                                                                                                                                                                                                    │
│ Description         Setting peer for eid 30102 (BSC_V2_MAINNET) to address 0x0000000000000000000000005845684b49aef79a5c0f887f50401c247dca7ac6                                                                                                                            │
│ Data                0x3400288b00000000000000000000000000000000000000000000000000000000000075960000000000000000000000005845684b49aef79a5c0f887f50401c247dca7ac6                                                                                                           │
│ Value               -                                                                                                                                                                                                                                                    │
│ Gas Limit           -                                                                                                                                                                                                                                                    │
└──────────────────────────────────────────────────────────────────────────────────────────────────────────────────────────────────────────────────────────────────────────────────────────────────────────────────────────────────────────────────────────────────────────┘
┌──────────────────────────────────────────────────────────────────────────────────────────────────────────────────────────────────────────────────────────────────────────────────────────────────────────────────────────────────────────────────────────────────────────┐
│ Endpoint            BSC_V2_MAINNET                                                                                                                                                                                                                                       │
│ OmniAddress         0x1a44076050125825900e736c501f859c50fE728c                                                                                                                                                                                                           │
│ OmniContract        -                                                                                                                                                                                                                                                    │
│ Function Name       -                                                                                                                                                                                                                                                    │
│ Function Arguments  -                                                                                                                                                                                                                                                    │
│ Description         Setting send library for ETHEREUM_V2_MAINNET to 0x9F8C645f2D0b2159767Bd6E0839DE4BE49e823DE                                                                                                                                                           │
│ Data                0x9535ff300000000000000000000000005845684b49aef79a5c0f887f50401c247dca7ac600000000000000000000000000000000000000000000000000000000000075950000000000000000000000009f8c645f2d0b2159767bd6e0839de4be49e823de                                           │
│ Value               -                                                                                                                                                                                                                                                    │
│ Gas Limit           -                                                                                                                                                                                                                                                    │
└──────────────────────────────────────────────────────────────────────────────────────────────────────────────────────────────────────────────────────────────────────────────────────────────────────────────────────────────────────────────────────────────────────────┘
┌──────────────────────────────────────────────────────────────────────────────────────────────────────────────────────────────────────────────────────────────────────────────────────────────────────────────────────────────────────────────────────────────────────────┐
│ Endpoint            ETHEREUM_V2_MAINNET                                                                                                                                                                                                                                  │
│ OmniAddress         0x1a44076050125825900e736c501f859c50fE728c                                                                                                                                                                                                           │
│ OmniContract        -                                                                                                                                                                                                                                                    │
│ Function Name       -                                                                                                                                                                                                                                                    │
│ Function Arguments  -                                                                                                                                                                                                                                                    │
│ Description         Setting send library for BSC_V2_MAINNET to 0xbB2Ea70C9E858123480642Cf96acbcCE1372dCe1                                                                                                                                                                │
│ Data                0x9535ff300000000000000000000000005845684b49aef79a5c0f887f50401c247dca7ac60000000000000000000000000000000000000000000000000000000000007596000000000000000000000000bb2ea70c9e858123480642cf96acbcce1372dce1                                           │
│ Value               -                                                                                                                                                                                                                                                    │
│ Gas Limit           -                                                                                                                                                                                                                                                    │
└──────────────────────────────────────────────────────────────────────────────────────────────────────────────────────────────────────────────────────────────────────────────────────────────────────────────────────────────────────────────────────────────────────────┘
┌──────────────────────────────────────────────────────────────────────────────────────────────────────────────────────────────────────────────────────────────────────────────────────────────────────────────────────────────────────────────────────────────────────────┐
│ Endpoint            BSC_V2_MAINNET                                                                                                                                                                                                                                       │
│ OmniAddress         0x1a44076050125825900e736c501f859c50fE728c                                                                                                                                                                                                           │
│ OmniContract        -                                                                                                                                                                                                                                                    │
│ Function Name       -                                                                                                                                                                                                                                                    │
│ Function Arguments  -                                                                                                                                                                                                                                                    │
│ Description         Setting receive library for ETHEREUM_V2_MAINNET to 0xB217266c3A98C8B2709Ee26836C98cf12f6cCEC1 with grace period 0                                                                                                                                    │
│ Data                0x6a14d7150000000000000000000000005845684b49aef79a5c0f887f50401c247dca7ac60000000000000000000000000000000000000000000000000000000000007595000000000000000000000000b217266c3a98c8b2709ee26836c98cf12f6ccec1000000000000000000000000000000000000000000 │
│                     0000000000000000000000                                                                                                                                                                                                                               │
│ Value               -                                                                                                                                                                                                                                                    │
│ Gas Limit           -                                                                                                                                                                                                                                                    │
└──────────────────────────────────────────────────────────────────────────────────────────────────────────────────────────────────────────────────────────────────────────────────────────────────────────────────────────────────────────────────────────────────────────┘
┌──────────────────────────────────────────────────────────────────────────────────────────────────────────────────────────────────────────────────────────────────────────────────────────────────────────────────────────────────────────────────────────────────────────┐
│ Endpoint            ETHEREUM_V2_MAINNET                                                                                                                                                                                                                                  │
│ OmniAddress         0x1a44076050125825900e736c501f859c50fE728c                                                                                                                                                                                                           │
│ OmniContract        -                                                                                                                                                                                                                                                    │
│ Function Name       -                                                                                                                                                                                                                                                    │
│ Function Arguments  -                                                                                                                                                                                                                                                    │
│ Description         Setting receive library for BSC_V2_MAINNET to 0xc02Ab410f0734EFa3F14628780e6e695156024C2 with grace period 0                                                                                                                                         │
│ Data                0x6a14d7150000000000000000000000005845684b49aef79a5c0f887f50401c247dca7ac60000000000000000000000000000000000000000000000000000000000007596000000000000000000000000c02ab410f0734efa3f14628780e6e695156024c2000000000000000000000000000000000000000000 │
│                     0000000000000000000000                                                                                                                                                                                                                               │
│ Value               -                                                                                                                                                                                                                                                    │
│ Gas Limit           -                                                                                                                                                                                                                                                    │
└──────────────────────────────────────────────────────────────────────────────────────────────────────────────────────────────────────────────────────────────────────────────────────────────────────────────────────────────────────────────────────────────────────────┘
┌──────────────────────────────────────────────────────────────────────────────────────────────────────────────────────────────────────────────────────────────────────────────────────────────────────────────────────────────────────────────────────────────────────────┐
│ Endpoint            BSC_V2_MAINNET                                                                                                                                                                                                                                       │
│ OmniAddress         0x1a44076050125825900e736c501f859c50fE728c                                                                                                                                                                                                           │
│ OmniContract        -                                                                                                                                                                                                                                                    │
│ Function Name       -                                                                                                                                                                                                                                                    │
│ Function Arguments  -                                                                                                                                                                                                                                                    │
│ Description         Setting config for ULN 0x9F8C645f2D0b2159767Bd6E0839DE4BE49e823DE to [                                                                                                                                                                               │
│                       {                                                                                                                                                                                                                                                    │
│                               "eid": 30101,                                                                                                                                                                                                                                        │
│                               "configType": 1,                                                                                                                                                                                                                                     │
│                               "config": "0x00000000000000000000000000000000000000000000000000000000000027100000000000000000000000003ebd570ed38b1b3b4bc886999fcf507e9d584859"                                                                                                       │
│                       },                                                                                                                                                                                                                                                   │
│                       {                                                                                                                                                                                                                                                    │
│                               "eid": 30101,                                                                                                                                                                                                                                        │
│                               "configType": 2,                                                                                                                                                                                                                                     │
│                               "config": "0x000000000000000000000000000000000000000000000000000000000000002000000000000000000000000000000000000000000000000000000000000000140000000000000000000000000000000000000000000000000000000000000001000000000000000000000000000000000000000 │
│                     0000000000000000000000000000000000000000000000000000000000000000000000000000000000000000000000000000000000000000000000000000000000000000000000000000000c00000000000000000000000000000000000000000000000000000000000000100000000000000000000000000000 │
│                     0000000000000000000000000000000000001000000000000000000000000fd6865c841c2d64565562fcc7e05e619a30615f00000000000000000000000000000000000000000000000000000000000000000"                                                                               │
│                       }                                                                                                                                                                                                                                                    │
│                     ]                                                                                                                                                                                                                                                    │
│ Data                0x6dbd9f900000000000000000000000005845684b49aef79a5c0f887f50401c247dca7ac60000000000000000000000009f8c645f2d0b2159767bd6e0839de4be49e823de0000000000000000000000000000000000000000000000000000000000000060000000000000000000000000000000000000000000 │
│                     0000000000000000000002000000000000000000000000000000000000000000000000000000000000004000000000000000000000000000000000000000000000000000000000000001000000000000000000000000000000000000000000000000000000000000007595000000000000000000000000000000 │
│                     0000000000000000000000000000000001000000000000000000000000000000000000000000000000000000000000006000000000000000000000000000000000000000000000000000000000000000400000000000000000000000000000000000000000000000000000000000002710000000000000000000 │
│                     0000003ebd570ed38b1b3b4bc886999fcf507e9d584859000000000000000000000000000000000000000000000000000000000000759500000000000000000000000000000000000000000000000000000000000000020000000000000000000000000000000000000000000000000000000000000060000000 │
│                     0000000000000000000000000000000000000000000000000000000140000000000000000000000000000000000000000000000000000000000000002000000000000000000000000000000000000000000000000000000000000000140000000000000000000000000000000000000000000000000000000000 │
│                     0000010000000000000000000000000000000000000000000000000000000000000000000000000000000000000000000000000000000000000000000000000000000000000000000000000000000000000000000000000000000000000000000000c00000000000000000000000000000000000000000000000 │
│                     0000000000000001000000000000000000000000000000000000000000000000000000000000000001000000000000000000000000fd6865c841c2d64565562fcc7e05e619a30615f00000000000000000000000000000000000000000000000000000000000000000                                   │
│ Value               -                                                                                                                                                                                                                                                    │
│ Gas Limit           -                                                                                                                                                                                                                                                    │
└──────────────────────────────────────────────────────────────────────────────────────────────────────────────────────────────────────────────────────────────────────────────────────────────────────────────────────────────────────────────────────────────────────────┘
┌──────────────────────────────────────────────────────────────────────────────────────────────────────────────────────────────────────────────────────────────────────────────────────────────────────────────────────────────────────────────────────────────────────────┐
│ Endpoint            ETHEREUM_V2_MAINNET                                                                                                                                                                                                                                  │
│ OmniAddress         0x1a44076050125825900e736c501f859c50fE728c                                                                                                                                                                                                           │
│ OmniContract        -                                                                                                                                                                                                                                                    │
│ Function Name       -                                                                                                                                                                                                                                                    │
│ Function Arguments  -                                                                                                                                                                                                                                                    │
│ Description         Setting config for ULN 0xbB2Ea70C9E858123480642Cf96acbcCE1372dCe1 to [                                                                                                                                                                               │
│                       {                                                                                                                                                                                                                                                    │
│                               "eid": 30102,                                                                                                                                                                                                                                        │
│                               "configType": 1,                                                                                                                                                                                                                                     │
│                               "config": "0x0000000000000000000000000000000000000000000000000000000000002710000000000000000000000000173272739bd7aa6e4e214714048a9fe699453059"                                                                                                       │
│                       },                                                                                                                                                                                                                                                   │
│                       {                                                                                                                                                                                                                                                    │
│                               "eid": 30102,                                                                                                                                                                                                                                        │
│                               "configType": 2,                                                                                                                                                                                                                                     │
│                               "config": "0x0000000000000000000000000000000000000000000000000000000000000020000000000000000000000000000000000000000000000000000000000000000f0000000000000000000000000000000000000000000000000000000000000001000000000000000000000000000000000000000 │
│                     0000000000000000000000000000000000000000000000000000000000000000000000000000000000000000000000000000000000000000000000000000000000000000000000000000000c00000000000000000000000000000000000000000000000000000000000000100000000000000000000000000000 │
│                     0000000000000000000000000000000000001000000000000000000000000589dedbd617e0cbcb916a9223f4d1300c294236b0000000000000000000000000000000000000000000000000000000000000000"                                                                               │
│                       }                                                                                                                                                                                                                                                    │
│                     ]                                                                                                                                                                                                                                                    │
│ Data                0x6dbd9f900000000000000000000000005845684b49aef79a5c0f887f50401c247dca7ac6000000000000000000000000bb2ea70c9e858123480642cf96acbcce1372dce10000000000000000000000000000000000000000000000000000000000000060000000000000000000000000000000000000000000 │
│                     0000000000000000000002000000000000000000000000000000000000000000000000000000000000004000000000000000000000000000000000000000000000000000000000000001000000000000000000000000000000000000000000000000000000000000007596000000000000000000000000000000 │
│                     0000000000000000000000000000000001000000000000000000000000000000000000000000000000000000000000006000000000000000000000000000000000000000000000000000000000000000400000000000000000000000000000000000000000000000000000000000002710000000000000000000 │
│                     000000173272739bd7aa6e4e214714048a9fe699453059000000000000000000000000000000000000000000000000000000000000759600000000000000000000000000000000000000000000000000000000000000020000000000000000000000000000000000000000000000000000000000000060000000 │
│                     00000000000000000000000000000000000000000000000000000001400000000000000000000000000000000000000000000000000000000000000020000000000000000000000000000000000000000000000000000000000000000f0000000000000000000000000000000000000000000000000000000000 │
│                     0000010000000000000000000000000000000000000000000000000000000000000000000000000000000000000000000000000000000000000000000000000000000000000000000000000000000000000000000000000000000000000000000000c00000000000000000000000000000000000000000000000 │
│                     0000000000000001000000000000000000000000000000000000000000000000000000000000000001000000000000000000000000589dedbd617e0cbcb916a9223f4d1300c294236b0000000000000000000000000000000000000000000000000000000000000000                                   │
│ Value               -                                                                                                                                                                                                                                                    │
│ Gas Limit           -                                                                                                                                                                                                                                                    │
└──────────────────────────────────────────────────────────────────────────────────────────────────────────────────────────────────────────────────────────────────────────────────────────────────────────────────────────────────────────────────────────────────────────┘
┌──────────────────────────────────────────────────────────────────────────────────────────────────────────────────────────────────────────────────────────────────────────────────────────────────────────────────────────────────────────────────────────────────────────┐
│ Endpoint            BSC_V2_MAINNET                                                                                                                                                                                                                                       │
│ OmniAddress         0x1a44076050125825900e736c501f859c50fE728c                                                                                                                                                                                                           │
│ OmniContract        -                                                                                                                                                                                                                                                    │
│ Function Name       -                                                                                                                                                                                                                                                    │
│ Function Arguments  -                                                                                                                                                                                                                                                    │
│ Description         Setting config for ULN 0xB217266c3A98C8B2709Ee26836C98cf12f6cCEC1 to [                                                                                                                                                                               │
│                       {                                                                                                                                                                                                                                                    │
│                               "eid": 30101,                                                                                                                                                                                                                                        │
│                               "configType": 2,                                                                                                                                                                                                                                     │
│                               "config": "0x0000000000000000000000000000000000000000000000000000000000000020000000000000000000000000000000000000000000000000000000000000000f0000000000000000000000000000000000000000000000000000000000000001000000000000000000000000000000000000000 │
│                     0000000000000000000000000000000000000000000000000000000000000000000000000000000000000000000000000000000000000000000000000000000000000000000000000000000c00000000000000000000000000000000000000000000000000000000000000100000000000000000000000000000 │
│                     0000000000000000000000000000000000001000000000000000000000000fd6865c841c2d64565562fcc7e05e619a30615f00000000000000000000000000000000000000000000000000000000000000000"                                                                               │
│                       }                                                                                                                                                                                                                                                    │
│                     ]                                                                                                                                                                                                                                                    │
│ Data                0x6dbd9f900000000000000000000000005845684b49aef79a5c0f887f50401c247dca7ac6000000000000000000000000b217266c3a98c8b2709ee26836c98cf12f6ccec10000000000000000000000000000000000000000000000000000000000000060000000000000000000000000000000000000000000 │
│                     0000000000000000000001000000000000000000000000000000000000000000000000000000000000002000000000000000000000000000000000000000000000000000000000000075950000000000000000000000000000000000000000000000000000000000000002000000000000000000000000000000 │
│                     000000000000000000000000000000006000000000000000000000000000000000000000000000000000000000000001400000000000000000000000000000000000000000000000000000000000000020000000000000000000000000000000000000000000000000000000000000000f000000000000000000 │
│                     00000000000000000000000000000000000000000000010000000000000000000000000000000000000000000000000000000000000000000000000000000000000000000000000000000000000000000000000000000000000000000000000000000000000000000000000000000000000000000000c0000000 │
│                     00000000000000000000000000000000000000000000000000000001000000000000000000000000000000000000000000000000000000000000000001000000000000000000000000fd6865c841c2d64565562fcc7e05e619a30615f00000000000000000000000000000000000000000000000000000000000 │
│                     000000                                                                                                                                                                                                                                               │
│ Value               -                                                                                                                                                                                                                                                    │
│ Gas Limit           -                                                                                                                                                                                                                                                    │
└──────────────────────────────────────────────────────────────────────────────────────────────────────────────────────────────────────────────────────────────────────────────────────────────────────────────────────────────────────────────────────────────────────────┘
┌──────────────────────────────────────────────────────────────────────────────────────────────────────────────────────────────────────────────────────────────────────────────────────────────────────────────────────────────────────────────────────────────────────────┐
│ Endpoint            ETHEREUM_V2_MAINNET                                                                                                                                                                                                                                  │
│ OmniAddress         0x1a44076050125825900e736c501f859c50fE728c                                                                                                                                                                                                           │
│ OmniContract        -                                                                                                                                                                                                                                                    │
│ Function Name       -                                                                                                                                                                                                                                                    │
│ Function Arguments  -                                                                                                                                                                                                                                                    │
│ Description         Setting config for ULN 0xc02Ab410f0734EFa3F14628780e6e695156024C2 to [                                                                                                                                                                               │
│                       {                                                                                                                                                                                                                                                    │
│                               "eid": 30102,                                                                                                                                                                                                                                        │
│                               "configType": 2,                                                                                                                                                                                                                                     │
│                               "config": "0x000000000000000000000000000000000000000000000000000000000000002000000000000000000000000000000000000000000000000000000000000000140000000000000000000000000000000000000000000000000000000000000001000000000000000000000000000000000000000 │
│                     0000000000000000000000000000000000000000000000000000000000000000000000000000000000000000000000000000000000000000000000000000000000000000000000000000000c00000000000000000000000000000000000000000000000000000000000000100000000000000000000000000000 │
│                     0000000000000000000000000000000000001000000000000000000000000589dedbd617e0cbcb916a9223f4d1300c294236b0000000000000000000000000000000000000000000000000000000000000000"                                                                               │
│                       }                                                                                                                                                                                                                                                    │
│                     ]                                                                                                                                                                                                                                                    │
│ Data                0x6dbd9f900000000000000000000000005845684b49aef79a5c0f887f50401c247dca7ac6000000000000000000000000c02ab410f0734efa3f14628780e6e695156024c20000000000000000000000000000000000000000000000000000000000000060000000000000000000000000000000000000000000 │
│                     0000000000000000000001000000000000000000000000000000000000000000000000000000000000002000000000000000000000000000000000000000000000000000000000000075960000000000000000000000000000000000000000000000000000000000000002000000000000000000000000000000 │
│                     0000000000000000000000000000000060000000000000000000000000000000000000000000000000000000000000014000000000000000000000000000000000000000000000000000000000000000200000000000000000000000000000000000000000000000000000000000000014000000000000000000 │
│                     00000000000000000000000000000000000000000000010000000000000000000000000000000000000000000000000000000000000000000000000000000000000000000000000000000000000000000000000000000000000000000000000000000000000000000000000000000000000000000000c0000000 │
│                     00000000000000000000000000000000000000000000000000000001000000000000000000000000000000000000000000000000000000000000000001000000000000000000000000589dedbd617e0cbcb916a9223f4d1300c294236b0000000000000000000000000000000000000000000000000000000000 │
│                     000000                                                                                                                                                                                                                                               │
│ Value               -                                                                                                                                                                                                                                                    │
│ Gas Limit           -                                                                                                                                                                                                                                                    │
└──────────────────────────────────────────────────────────────────────────────────────────────────────────────────────────────────────────────────────────────────────────────────────────────────────────────────────────────────────────────────────────────────────────┘
┌──────────────────────────────────────────────────────────────────────────────────────────────────────────────────────────────────────────────────────────────────────────────────────────────────────────────────────────────────────────────────────────────────────────┐
│ Endpoint            BSC_V2_MAINNET                                                                                                                                                                                                                                       │
│ OmniAddress         0x5845684b49aEf79A5c0F887f50401C247dca7AC6                                                                                                                                                                                                           │
│ OmniContract        -                                                                                                                                                                                                                                                    │
│ Function Name       -                                                                                                                                                                                                                                                    │
│ Function Arguments  -                                                                                                                                                                                                                                                    │
│ Description         Setting enforced options to [                                                                                                                                                                                                                        │
│                       {                                                                                                                                                                                                                                                    │
│                               "eid": 30101,                                                                                                                                                                                                                                        │
│                               "option": {                                                                                                                                                                                                                                          │
│                                       "msgType": 1,                                                                                                                                                                                                                                        │
│                                       "options": "0x00030100110100000000000000000000000000013880"                                                                                                                                                                                          │
│                               }                                                                                                                                                                                                                                                    │
│                       }                                                                                                                                                                                                                                                    │
│                     ]                                                                                                                                                                                                                                                    │
│ Data                0xb98bd070000000000000000000000000000000000000000000000000000000000000002000000000000000000000000000000000000000000000000000000000000000010000000000000000000000000000000000000000000000000000000000000020000000000000000000000000000000000000000000 │
│                     0000000000000000007595000000000000000000000000000000000000000000000000000000000000000100000000000000000000000000000000000000000000000000000000000000600000000000000000000000000000000000000000000000000000000000000016000301001101000000000000000000 │
│                     0000000001388000000000000000000000                                                                                                                                                                                                                   │
│ Value               -                                                                                                                                                                                                                                                    │
│ Gas Limit           -                                                                                                                                                                                                                                                    │
└──────────────────────────────────────────────────────────────────────────────────────────────────────────────────────────────────────────────────────────────────────────────────────────────────────────────────────────────────────────────────────────────────────────┘
┌──────────────────────────────────────────────────────────────────────────────────────────────────────────────────────────────────────────────────────────────────────────────────────────────────────────────────────────────────────────────────────────────────────────┐
│ Endpoint            ETHEREUM_V2_MAINNET                                                                                                                                                                                                                                  │
│ OmniAddress         0x5845684b49aEf79A5c0F887f50401C247dca7AC6                                                                                                                                                                                                           │
│ OmniContract        -                                                                                                                                                                                                                                                    │
│ Function Name       -                                                                                                                                                                                                                                                    │
│ Function Arguments  -                                                                                                                                                                                                                                                    │
│ Description         Setting enforced options to [                                                                                                                                                                                                                        │
│                       {                                                                                                                                                                                                                                                    │
│                               "eid": 30102,                                                                                                                                                                                                                                        │
│                               "option": {                                                                                                                                                                                                                                          │
│                                       "msgType": 1,                                                                                                                                                                                                                                        │
│                                       "options": "0x00030100110100000000000000000000000000013880"                                                                                                                                                                                          │
│                               }                                                                                                                                                                                                                                                    │
│                       }                                                                                                                                                                                                                                                    │
│                     ]                                                                                                                                                                                                                                                    │
│ Data                0xb98bd070000000000000000000000000000000000000000000000000000000000000002000000000000000000000000000000000000000000000000000000000000000010000000000000000000000000000000000000000000000000000000000000020000000000000000000000000000000000000000000 │
│                     0000000000000000007596000000000000000000000000000000000000000000000000000000000000000100000000000000000000000000000000000000000000000000000000000000600000000000000000000000000000000000000000000000000000000000000016000301001101000000000000000000 │
│                     0000000001388000000000000000000000                                                                                                                                                                                                                   │
│ Value               -                                                                                                                                                                                                                                                    │
│ Gas Limit           -